SF:lib\main.dart
DA:7,0
DA:8,0
DA:10,0
DA:12,0
DA:14,0
LF:5
LH:0
end_of_record
SF:lib\src\app_injections.dart
DA:16,0
DA:17,0
DA:18,0
DA:19,0
DA:22,0
DA:23,0
DA:25,0
DA:26,0
DA:27,0
DA:28,0
DA:31,0
DA:32,0
DA:33,0
DA:37,0
DA:38,0
DA:39,0
DA:42,0
DA:43,0
DA:44,0
DA:47,0
DA:48,0
DA:49,0
LF:22
LH:0
end_of_record
SF:lib\src\app_router.dart
DA:16,0
DA:18,0
DA:20,0
DA:24,0
DA:25,0
DA:26,0
DA:28,0
DA:29,0
DA:33,0
DA:34,0
DA:35,0
DA:36,0
DA:37,0
DA:38,0
DA:41,0
DA:42,0
DA:43,0
DA:44,0
DA:45,0
DA:48,0
DA:49,0
DA:50,0
DA:51,0
DA:52,0
DA:55,0
DA:56,0
DA:57,0
DA:58,0
DA:59,0
DA:60,0
LF:30
LH:0
end_of_record
SF:lib\src\app_widget.dart
DA:7,6
DA:9,0
DA:10,0
DA:16,0
DA:18,0
DA:21,0
DA:23,0
DA:24,0
DA:25,0
DA:26,0
DA:29,0
DA:33,0
DA:35,0
DA:36,0
DA:39,0
LF:15
LH:1
end_of_record
SF:lib\src\core\exceptions\cesla_exceptions.dart
DA:5,6
LF:1
LH:1
end_of_record
SF:lib\src\core\mixins\validation_mixin.dart
DA:2,1
DA:3,1
DA:7,1
DA:8,1
DA:9,1
DA:11,1
DA:18,1
DA:19,1
DA:23,2
DA:25,2
DA:27,2
DA:29,3
DA:32,4
DA:33,4
DA:35,1
DA:36,1
DA:38,2
DA:41,4
DA:42,4
DA:44,1
DA:45,2
DA:47,2
LF:22
LH:22
end_of_record
SF:lib\src\core\services\client\dio\dio_client_service.dart
DA:12,0
DA:16,0
DA:19,0
DA:20,0
DA:21,0
DA:22,0
DA:23,0
DA:24,0
DA:28,0
DA:29,0
DA:30,0
DA:32,0
DA:33,0
DA:34,0
DA:36,0
DA:41,0
DA:44,0
DA:45,0
DA:46,0
DA:47,0
DA:48,0
DA:49,0
DA:53,0
DA:54,0
DA:55,0
DA:57,0
DA:58,0
DA:59,0
DA:61,0
DA:66,0
DA:69,0
DA:70,0
DA:71,0
DA:72,0
DA:73,0
DA:74,0
DA:78,0
DA:79,0
DA:80,0
DA:82,0
DA:83,0
DA:84,0
DA:86,0
DA:91,0
DA:94,0
DA:95,0
DA:96,0
DA:97,0
DA:98,0
DA:99,0
DA:103,0
DA:104,0
DA:105,0
DA:107,0
DA:108,0
DA:109,0
DA:111,0
LF:57
LH:0
end_of_record
SF:lib\src\core\services\client\dio\factories\dio_factory.dart
DA:7,0
DA:8,0
DA:9,0
DA:11,0
LF:4
LH:0
end_of_record
SF:lib\src\core\services\client\dtos\client_request_dto.dart
DA:7,6
LF:1
LH:1
end_of_record
SF:lib\src\core\services\client\dtos\client_response_dto.dart
DA:5,0
LF:1
LH:0
end_of_record
SF:lib\src\core\services\client\exceptions\client_exception.dart
DA:6,0
LF:1
LH:0
end_of_record
SF:lib\src\core\services\injector\injector.dart
DA:4,0
DA:5,0
DA:8,0
DA:9,0
DA:12,0
DA:13,0
DA:16,0
DA:17,0
LF:8
LH:0
end_of_record
SF:lib\src\core\services\storage\shared\shared_preference_storage_service.dart
DA:6,0
DA:8,0
DA:9,0
DA:12,0
DA:14,0
DA:15,0
DA:18,0
DA:20,0
DA:21,0
DA:24,0
DA:26,0
DA:27,0
LF:12
LH:0
end_of_record
SF:lib\src\modules\auth\data\adapters\dtos\sign_in_dto_adapter.dart
DA:4,1
DA:5,1
DA:6,1
DA:7,1
LF:4
LH:4
end_of_record
SF:lib\src\modules\auth\data\adapters\dtos\sign_up_dto_adapter.dart
DA:4,1
DA:5,1
DA:6,1
DA:7,1
LF:4
LH:4
end_of_record
SF:lib\src\modules\auth\data\adapters\entities\user_adapter.dart
DA:4,1
DA:5,1
DA:6,2
DA:7,1
DA:8,1
LF:5
LH:5
end_of_record
SF:lib\src\modules\auth\data\repositories\auth_repository.dart
DA:17,0
DA:22,0
DA:24,0
DA:26,0
DA:27,0
DA:33,0
DA:34,0
DA:37,0
DA:39,0
DA:41,0
DA:42,0
DA:48,0
DA:50,0
DA:51,0
DA:52,0
DA:55,0
DA:56,0
DA:59,0
DA:62,0
DA:66,0
DA:67,0
DA:68,0
DA:72,0
DA:75,0
DA:76,0
DA:77,0
LF:26
LH:0
end_of_record
SF:lib\src\modules\auth\domain\dtos\sign_in_dto.dart
DA:5,1
LF:1
LH:1
end_of_record
SF:lib\src\modules\auth\domain\dtos\sign_up_dto.dart
DA:5,1
LF:1
LH:1
end_of_record
SF:lib\src\modules\auth\domain\entities\user_entity.dart
DA:6,1
LF:1
LH:1
end_of_record
SF:lib\src\modules\auth\domain\exceptions\user_not_found_exception.dart
DA:4,6
LF:1
LH:1
end_of_record
SF:lib\src\modules\auth\presenter\pages\auth_page.dart
DA:13,0
DA:15,0
DA:16,0
DA:24,0
DA:26,0
DA:28,0
DA:29,0
DA:30,0
DA:33,0
DA:34,0
DA:36,0
DA:41,0
DA:43,0
DA:44,0
DA:45,0
DA:48,0
DA:50,0
DA:52,0
DA:54,0
DA:55,0
DA:56,0
DA:58,0
DA:59,0
DA:60,0
DA:63,0
DA:66,0
DA:67,0
DA:70,0
DA:71,0
DA:72,0
DA:77,0
DA:79,0
DA:82,0
DA:84,0
DA:93,0
DA:94,0
DA:95,0
DA:96,0
DA:97,0
DA:102,0
DA:103,0
DA:104,0
DA:105,0
DA:106,0
LF:44
LH:0
end_of_record
SF:lib\src\modules\auth\presenter\pages\widgets\account_recovery_text_widget.dart
DA:5,6
DA:7,0
DA:9,0
DA:10,0
DA:11,0
DA:12,0
DA:13,0
DA:14,0
DA:16,0
DA:17,0
DA:22,0
DA:24,0
DA:26,0
DA:27,0
DA:28,0
DA:29,0
DA:31,0
DA:32,0
LF:18
LH:1
end_of_record
SF:lib\src\modules\auth\presenter\stores\auth_store.dart
DA:12,0
DA:14,0
DA:15,0
DA:18,0
DA:23,0
DA:25,0
DA:27,0
DA:29,0
DA:30,0
DA:31,0
DA:35,0
DA:40,0
DA:42,0
DA:44,0
DA:46,0
DA:47,0
DA:48,0
LF:17
LH:0
end_of_record
SF:lib\src\modules\auth\presenter\stores\states\auth_state.dart
DA:4,0
DA:5,0
DA:6,0
DA:7,0
DA:17,0
LF:5
LH:0
end_of_record
SF:lib\src\modules\dashboard\dashboard_page.dart
DA:10,0
DA:12,0
DA:13,0
DA:19,0
DA:21,0
DA:22,0
DA:25,0
DA:27,0
DA:28,0
DA:31,0
DA:33,0
DA:34,0
DA:35,0
DA:36,0
DA:37,0
DA:39,0
DA:40,0
DA:41,0
DA:45,0
DA:48,0
DA:49,0
DA:50,0
DA:51,0
LF:23
LH:0
end_of_record
SF:lib\src\modules\dashboard\submodules\menu\data\adapters\dtos\post_student_dto_adapter.dart
DA:4,1
DA:5,1
DA:6,1
DA:7,1
DA:8,2
DA:9,1
DA:10,1
LF:7
LH:7
end_of_record
SF:lib\src\modules\dashboard\submodules\menu\data\adapters\dtos\put_student_dto_adapter.dart
DA:4,1
DA:5,1
DA:6,1
DA:7,1
DA:8,2
DA:9,1
DA:10,1
DA:12,2
LF:8
LH:8
end_of_record
SF:lib\src\modules\dashboard\submodules\menu\data\adapters\entities\student_entity_adapter.dart
DA:4,1
DA:5,1
DA:6,2
DA:7,1
DA:8,1
DA:9,2
DA:10,2
DA:11,1
LF:8
LH:8
end_of_record
SF:lib\src\modules\dashboard\submodules\menu\data\repositories\menu_repository.dart
DA:14,0
DA:16,0
DA:18,0
DA:19,0
DA:22,0
DA:25,0
DA:31,0
DA:33,0
DA:34,0
DA:37,0
DA:39,0
DA:41,0
DA:42,0
DA:46,0
DA:49,0
DA:51,0
DA:53,0
DA:58,0
LF:18
LH:0
end_of_record
SF:lib\src\modules\dashboard\submodules\menu\domain\dtos\post_student_dto.dart
DA:8,1
LF:1
LH:1
end_of_record
SF:lib\src\modules\dashboard\submodules\menu\domain\dtos\put_student_dto.dart
DA:9,1
LF:1
LH:1
end_of_record
SF:lib\src\modules\dashboard\submodules\menu\domain\entities\student_entity.dart
DA:9,1
LF:1
LH:1
end_of_record
SF:lib\src\modules\dashboard\submodules\menu\presenter\pages\add_edit_student_page.dart
DA:16,0
DA:22,0
DA:23,0
DA:36,0
DA:38,0
DA:40,0
DA:42,0
DA:43,0
DA:44,0
DA:45,0
DA:46,0
DA:47,0
DA:50,0
DA:53,0
DA:55,0
DA:56,0
DA:57,0
DA:58,0
DA:59,0
DA:61,0
DA:63,0
DA:66,0
DA:68,0
DA:69,0
DA:70,0
DA:72,0
DA:73,0
DA:74,0
DA:76,0
DA:77,0
DA:78,0
DA:81,0
DA:82,0
DA:84,0
DA:89,0
DA:90,0
DA:92,0
DA:94,0
DA:95,0
DA:99,0
DA:102,0
DA:103,0
DA:105,0
DA:106,0
DA:107,0
DA:108,0
DA:110,0
DA:111,0
DA:115,0
DA:116,0
DA:117,0
DA:118,0
DA:120,0
DA:122,0
DA:123,0
DA:126,0
DA:127,0
DA:128,0
DA:130,0
DA:131,0
DA:133,0
DA:137,0
DA:138,0
DA:141,0
DA:142,0
DA:147,0
DA:148,0
DA:149,0
DA:150,0
DA:151,0
DA:153,0
DA:164,0
DA:165,0
DA:166,0
DA:170,0
DA:172,0
DA:173,0
DA:174,0
DA:175,0
DA:179,0
DA:180,0
DA:183,0
DA:185,0
DA:186,0
DA:187,0
DA:188,0
DA:189,0
DA:190,0
DA:191,0
DA:192,0
DA:193,0
DA:198,0
DA:199,0
DA:200,0
DA:201,0
DA:202,0
DA:203,0
DA:204,0
LF:98
LH:0
end_of_record
SF:lib\src\modules\dashboard\submodules\menu\presenter\pages\menu_page.dart
DA:14,0
DA:16,0
DA:17,0
DA:21,0
DA:23,0
DA:25,0
DA:26,0
DA:29,0
DA:31,0
DA:32,0
DA:35,0
DA:37,0
DA:39,0
DA:42,0
DA:43,0
DA:44,0
DA:45,0
DA:53,0
DA:54,0
DA:56,0
DA:57,0
DA:58,0
DA:60,0
DA:61,0
DA:62,0
DA:63,0
DA:64,0
DA:65,0
DA:71,0
DA:72,0
DA:73,0
DA:77,0
DA:79,0
DA:80,0
DA:81,0
DA:83,0
DA:98,0
DA:99,0
DA:100,0
DA:101,0
DA:103,0
DA:109,0
DA:110,0
DA:111,0
DA:112,0
DA:115,0
DA:120,0
DA:121,0
DA:122,0
DA:123,0
DA:126,0
DA:131,0
DA:132,0
DA:133,0
DA:135,0
LF:55
LH:0
end_of_record
SF:lib\src\modules\dashboard\submodules\menu\presenter\stores\menu_store.dart
DA:22,0
DA:24,0
DA:26,0
DA:28,0
DA:30,0
DA:31,0
DA:32,0
DA:36,0
DA:38,0
DA:40,0
DA:42,0
DA:44,0
DA:45,0
DA:46,0
DA:50,0
DA:52,0
DA:54,0
DA:56,0
DA:57,0
DA:58,0
DA:59,0
DA:63,0
DA:65,0
DA:67,0
DA:69,0
DA:71,0
DA:72,0
DA:73,0
LF:28
LH:0
end_of_record
SF:lib\src\modules\dashboard\submodules\menu\presenter\stores\states\create_students_state.dart
DA:4,0
DA:5,0
DA:6,0
DA:7,0
DA:17,0
LF:5
LH:0
end_of_record
SF:lib\src\modules\dashboard\submodules\menu\presenter\stores\states\delete_students_state.dart
DA:4,0
DA:5,0
DA:6,0
DA:7,0
DA:17,0
DA:21,0
LF:6
LH:0
end_of_record
SF:lib\src\modules\dashboard\submodules\menu\presenter\stores\states\edit_students_state.dart
DA:4,0
DA:5,0
DA:6,0
DA:7,0
DA:17,0
LF:5
LH:0
end_of_record
SF:lib\src\modules\dashboard\submodules\menu\presenter\stores\states\fetch_students_state.dart
DA:5,0
DA:6,0
DA:7,0
DA:8,0
DA:9,0
DA:19,0
DA:25,0
LF:7
LH:0
end_of_record
SF:lib\src\modules\dashboard\submodules\menu\presenter\widgets\float_action_add_student_widget.dart
DA:7,0
DA:12,0
DA:14,0
DA:15,0
DA:16,0
DA:19,0
DA:20,0
DA:21,0
DA:23,0
DA:25,0
DA:29,0
DA:31,0
LF:12
LH:0
end_of_record
SF:lib\src\modules\dashboard\submodules\menu\presenter\widgets\menu_app_bar.dart
DA:8,6
DA:13,0
DA:15,0
DA:16,0
DA:18,0
DA:19,0
DA:24,0
DA:27,0
DA:28,0
DA:29,0
DA:36,0
LF:11
LH:1
end_of_record
SF:lib\src\modules\dashboard\submodules\menu\presenter\widgets\student_card_widget.dart
DA:11,0
DA:18,0
DA:20,0
DA:22,0
DA:24,0
DA:25,0
DA:26,0
DA:27,0
DA:32,0
DA:33,0
DA:34,0
DA:35,0
DA:38,0
DA:39,0
DA:40,0
DA:41,0
DA:47,0
DA:48,0
DA:49,0
DA:51,0
DA:52,0
DA:53,0
DA:58,0
DA:60,0
DA:61,0
DA:62,0
DA:63,0
DA:64,0
DA:65,0
DA:68,0
DA:70,0
DA:75,0
DA:76,0
DA:77,0
DA:78,0
DA:79,0
DA:82,0
DA:84,0
LF:38
LH:0
end_of_record
SF:lib\src\modules\splash\presenter\controller\splash_controller.dart
DA:6,0
DA:8,0
DA:9,0
LF:3
LH:0
end_of_record
SF:lib\src\modules\splash\presenter\pages\splash_page.dart
DA:11,0
DA:16,0
DA:17,0
DA:21,0
DA:23,0
DA:24,0
DA:26,0
DA:28,0
DA:32,0
DA:34,0
DA:35,0
DA:36,0
DA:37,0
LF:13
LH:0
end_of_record
