SF:lib\src\modules\auth\data\adapters\dtos\sign_in_dto_adapter.dart
DA:4,1
DA:5,1
DA:6,1
DA:7,1
LF:4
LH:4
end_of_record
SF:lib\src\modules\auth\domain\dtos\sign_in_dto.dart
DA:5,1
LF:1
LH:1
end_of_record
SF:lib\src\modules\auth\data\adapters\dtos\sign_up_dto_adapter.dart
DA:4,1
DA:5,1
DA:6,1
DA:7,1
LF:4
LH:4
end_of_record
SF:lib\src\modules\auth\domain\dtos\sign_up_dto.dart
DA:5,1
LF:1
LH:1
end_of_record
SF:lib\src\modules\auth\data\adapters\entities\user_adapter.dart
DA:4,1
DA:5,1
DA:6,2
DA:7,1
DA:8,1
LF:5
LH:5
end_of_record
SF:lib\src\modules\auth\domain\entities\user_entity.dart
DA:6,1
LF:1
LH:1
end_of_record
SF:lib\src\modules\dashboard\submodules\menu\data\adapters\entities\student_entity_adapter.dart
DA:4,1
DA:5,1
DA:6,2
DA:7,1
DA:8,1
DA:9,2
DA:10,2
DA:11,1
LF:8
LH:8
end_of_record
SF:lib\src\modules\dashboard\submodules\menu\domain\entities\student_entity.dart
DA:9,1
LF:1
LH:1
end_of_record
SF:lib\src\modules\dashboard\submodules\menu\data\adapters\dtos\post_student_dto_adapter.dart
DA:4,1
DA:5,1
DA:6,1
DA:7,1
DA:8,2
DA:9,1
DA:10,1
LF:7
LH:7
end_of_record
SF:lib\src\modules\dashboard\submodules\menu\domain\dtos\post_student_dto.dart
DA:8,1
LF:1
LH:1
end_of_record
SF:lib\src\modules\dashboard\submodules\menu\data\adapters\dtos\put_student_dto_adapter.dart
DA:4,1
DA:5,1
DA:6,1
DA:7,1
DA:8,2
DA:9,1
DA:10,1
DA:12,2
LF:8
LH:8
end_of_record
SF:lib\src\modules\dashboard\submodules\menu\domain\dtos\put_student_dto.dart
DA:9,1
LF:1
LH:1
end_of_record
